<?xml version="1.0" encoding="UTF-8"?>
<testng-results skipped="0" failed="0" total="2" passed="2">
  <reporter-output>
  </reporter-output>
  <suite name="Default suite" duration-ms="64113" started-at="2021-04-05T08:17:24Z" finished-at="2021-04-05T08:18:28Z">
    <groups>
    </groups>
    <test name="Default test" duration-ms="64113" started-at="2021-04-05T08:17:24Z" finished-at="2021-04-05T08:18:28Z">
      <class name="org.main.MainClass">
        <test-method status="PASS" signature="tc1()[pri:0, instance:org.main.MainClass@77cd7a0]" name="tc1" is-config="true" duration-ms="15696" started-at="2021-04-05T13:47:08Z" finished-at="2021-04-05T13:47:24Z">
          <reporter-output>
          </reporter-output>
        </test-method> <!-- tc1 -->
        <test-method status="PASS" signature="Login()[pri:0, instance:org.main.MainClass@77cd7a0]" name="Login" duration-ms="28619" started-at="2021-04-05T13:47:24Z" finished-at="2021-04-05T13:47:53Z">
          <reporter-output>
          </reporter-output>
        </test-method> <!-- Login -->
        <test-method status="PASS" signature="details()[pri:0, instance:org.main.MainClass@77cd7a0]" name="details" duration-ms="35452" started-at="2021-04-05T13:47:53Z" depends-on-methods="org.main.MainClass.Login" finished-at="2021-04-05T13:48:28Z">
          <reporter-output>
          </reporter-output>
        </test-method> <!-- details -->
      </class> <!-- org.main.MainClass -->
    </test> <!-- Default test -->
  </suite> <!-- Default suite -->
</testng-results>
